<?xml version="1.0" encoding="UTF-8"?>
<!-- Generated by org.testng.reporters.JUnitXMLReporter -->
<testsuite ignored="0" hostname="EC2AMAZ-S11DBRH" failures="0" tests="4" name="Default test" time="1.712" errors="0" timestamp="2023-12-14T07:25:29 GMT">
  <testcase classname="testScripts.PlaceOrderTest" name="validLogin" time="0.07"/>
  <testcase classname="testScripts.PlaceOrderTest" name="addItem" time="0.249"/>
  <testcase classname="testScripts.PlaceOrderTest" name="checkOutTest" time="0.116"/>
  <testcase classname="testScripts.PlaceOrderTest" name="provideInfo" time="0.369"/>
</testsuite> <!-- Default test -->
