<?xml version="1.0" encoding="UTF-8"?>
<testng-results ignored="0" total="4" passed="4" failed="0" skipped="0">
  <reporter-output>
  </reporter-output>
  <suite started-at="2023-12-14T07:25:27 GMT" name="Default suite" finished-at="2023-12-14T07:25:29 GMT" duration-ms="1712">
    <groups>
    </groups>
    <test started-at="2023-12-14T07:25:27 GMT" name="Default test" finished-at="2023-12-14T07:25:29 GMT" duration-ms="1712">
      <class name="testScripts.PlaceOrderTest">
        <test-method is-config="true" signature="setUp()[pri:0, instance:testScripts.PlaceOrderTest@120f38e6]" started-at="2023-12-14T07:25:27 GMT" name="setUp" finished-at="2023-12-14T07:25:28 GMT" duration-ms="864" status="PASS">
          <reporter-output>
          </reporter-output>
        </test-method> <!-- setUp -->
        <test-method signature="validLogin()[pri:1, instance:testScripts.PlaceOrderTest@120f38e6]" started-at="2023-12-14T07:25:28 GMT" name="validLogin" finished-at="2023-12-14T07:25:28 GMT" duration-ms="70" status="PASS">
          <reporter-output>
          </reporter-output>
        </test-method> <!-- validLogin -->
        <test-method signature="addItem()[pri:2, instance:testScripts.PlaceOrderTest@120f38e6]" started-at="2023-12-14T07:25:28 GMT" name="addItem" finished-at="2023-12-14T07:25:28 GMT" duration-ms="249" status="PASS">
          <reporter-output>
          </reporter-output>
        </test-method> <!-- addItem -->
        <test-method signature="checkOutTest()[pri:3, instance:testScripts.PlaceOrderTest@120f38e6]" started-at="2023-12-14T07:25:28 GMT" name="checkOutTest" finished-at="2023-12-14T07:25:29 GMT" duration-ms="116" status="PASS">
          <reporter-output>
          </reporter-output>
        </test-method> <!-- checkOutTest -->
        <test-method signature="provideInfo()[pri:4, instance:testScripts.PlaceOrderTest@120f38e6]" started-at="2023-12-14T07:25:29 GMT" name="provideInfo" finished-at="2023-12-14T07:25:29 GMT" duration-ms="369" status="PASS">
          <reporter-output>
          </reporter-output>
        </test-method> <!-- provideInfo -->
      </class> <!-- testScripts.PlaceOrderTest -->
    </test> <!-- Default test -->
  </suite> <!-- Default suite -->
</testng-results>
